01:42:04 -!- RJ45 [RJ45@ubuntuirc.local] has joined #irchacks
01:42:12 -!- mode/#irchacks [+o RJ45] by allansw
01:42:17 <allansw> !help
01:42:41 <allansw> !cycle
01:42:41 -!- RJ45 [RJ45@ubuntuirc.local] has left #irchacks
01:42:41 -!- RJ45 [RJ45@ubuntuirc.local] has joined #irchacks
01:50:41 <allansw> !flirt allans
01:50:46 <allansw> !flirt allansw 
01:50:49 <allansw> !flirt allansw 
01:50:57 <allansw> !flirt allansw 
01:51:00 <allansw> !flirt allansw 
01:51:03 <allansw> !flirt allansw 
01:51:07 <allansw> !flirt allansw 
01:51:09 <allansw> !flirt allansw 
01:51:14 <allansw> !help
01:51:21 <allansw> !slap allansw 
01:51:23 <allansw> !slap allansw 
01:51:24 <allansw> !slap allansw 
01:51:37 <allansw> !slap allansw 
01:51:38 <allansw> !slap allansw 
01:51:41 <allansw> !slap allansw 
01:51:43 <allansw> !slap allansw 
01:51:53 <allansw> !cycle
01:51:53 -!- RJ45 [RJ45@ubuntuirc.local] has left #irchacks
01:51:53 -!- RJ45 [RJ45@ubuntuirc.local] has joined #irchacks
01:51:55 <allansw> !slap allansw 
01:52:09 <allansw> !lart allansw 
01:52:18 <allansw> !lart allansw 
01:52:28 <allansw> !lart allansw 
01:52:31 <allansw> !lart allansw 
01:52:34 <allansw> !lart allansw 
01:52:38 <allansw> !lart allansw 
01:52:42 <allansw> !lart allansw 
01:52:48 <allansw> !lart allansw 
01:52:52 <allansw> !lart allansw 
01:52:56 <allansw> !lart allansw 
01:53:00 <allansw> !lart allansw 
01:53:02 <allansw> !lart allansw 
01:53:07 <allansw> !lart allansw 
01:53:11 <allansw> !lart allansw 
01:53:18 <allansw> !lart allansw 
01:53:20 <allansw> !lart allansw 
01:53:23 <allansw> !lart allansw 
01:53:34 <allansw> !slap allansw 
01:54:25 -!- RJ45 [RJ45@ubuntuirc.local] has joined #irchacks
01:54:39 <allansw> !slap allansw 
01:54:42 <allansw> !slap allansw 
01:54:44 <allansw> !slap allansw 
01:54:48 <allansw> !slap allansw 
01:54:53 <allansw> !slap allansw 
01:54:56 <allansw> !slap allansw 
01:54:59 <allansw> !slap allansw 
01:55:04 <allansw> !slap allansw 
01:55:07 <allansw> !slap allansw 
01:55:10 <allansw> !slap allansw 
01:55:12 <allansw> !slap allansw 
01:55:15 <allansw> !slap allansw 
01:55:18 <allansw> !slap allansw 
01:55:20 <allansw> !slap allansw 
01:55:21 <allansw> !slap allansw 
01:55:24 <allansw> !slap allansw 
01:55:27 <allansw> !slap allansw 
01:55:29 <allansw> !slap allansw 
01:56:38 <allansw> !help
01:56:49 <allansw> !beats allansw 
02:07:07 <allansw> mypass
02:07:18 <allansw> RJ45, mypass
02:25:57 -!- RJ45 [RJ45@ubuntuirc.local] has joined #irchacks
02:26:04 -!- mode/#irchacks [+o RJ45] by allansw
02:26:17 <allansw> !help
02:26:35 <allansw> !time
02:26:40 <allansw> !time GMT
02:26:53 <allansw> !system
02:27:21 <allansw> !insult allansw 
02:27:32 <allansw> !insult allansw 
02:27:39 <allansw> !insult allansw 
02:27:53 <allansw> !insult allansw 
02:28:02 <allansw> !insult allansw 
02:28:05 <allansw> !insult allansw 
02:28:13 <allansw> !insult allansw 
02:28:18 <allansw> !insult allansw 
02:28:21 <allansw> !insult allansw 
02:28:27 <allansw> !insult allansw 
02:28:32 <allansw> !insult allansw 
02:28:36 <allansw> !insult allansw 
02:28:39 <allansw> !insult allansw 
02:28:47 <allansw> !insult allansw 
02:28:49 <allansw> !insult allansw 
02:28:56 <allansw> !insult allansw 
02:28:58 <allansw> !insult allansw 
02:29:00 <allansw> !insult allansw 
02:29:02 <allansw> !insult allansw 
02:29:04 <allansw> !insult allansw 
02:29:05 <allansw> !insult allansw 
02:29:06 <allansw> !insult allansw 
02:29:08 <allansw> !insult allansw 
02:29:10 <allansw> !insult allansw 
02:29:13 <allansw> !insult allansw 
02:29:15 <allansw> !insult allansw 
02:29:16 <allansw> !insult allansw 
02:29:17 <allansw> !insult allansw 
02:29:18 <allansw> !insult allansw 
02:29:21 <allansw> !insult allansw 
02:29:21 <allansw> !insult allansw 
02:29:22 <allansw> !insult allansw 
02:29:23 <allansw> !insult allansw 
02:29:24 <allansw> !insult allansw 
02:29:26 <allansw> !insult allansw 
02:29:30 <allansw> !insult allansw 
02:29:32 <allansw> !insult allansw 
02:29:34 <allansw> !insult allansw 
02:29:36 <allansw> !insult allansw 
02:29:38 <allansw> !insult allansw 
02:29:40 <allansw> !insult allansw 
02:29:42 <allansw> !insult allansw 
02:29:44 <allansw> !insult allansw 
02:29:46 <allansw> !insult allansw 
02:29:48 <allansw> !insult allansw 
02:29:50 <allansw> !insult allansw 
02:29:52 <allansw> !insult allansw 
02:29:54 <allansw> !insult allansw 
02:29:56 <allansw> !insult allansw 
02:30:00 <allansw> !insult allansw 
02:30:02 <allansw> !insult allansw 
02:30:04 <allansw> !insult allansw 
02:30:06 <allansw> !insult allansw 
02:30:08 <allansw> !insult allansw 
02:30:10 <allansw> !insult allansw 
02:30:12 <allansw> !insult allansw 
02:30:14 <allansw> !insult allansw 
02:30:16 <allansw> !insult allansw 
02:30:18 <allansw> !insult allansw 
02:30:20 <allansw> !insult allansw 
02:30:22 <allansw> !insult allansw 
02:30:24 <allansw> !insult allansw 
02:30:26 <allansw> !insult allansw 
02:30:31 <allansw> !insult allansw 
02:30:33 <allansw> !insult allansw 
02:30:35 <allansw> !insult allansw 
02:30:37 <allansw> !insult allansw 
02:48:19 -!- allansw [allansw@172.17.1.5] has left #irchacks
02:48:26 -!- allansw [allansw@172.17.1.5] has joined #irchacks
02:48:32 <allansw> !op allansw 
02:48:32 -!- mode/#irchacks [+o allansw] by RJ45
02:48:43 <allansw> !help
02:49:03 <allansw> !lmgtfy help
03:25:32 <allansw> !lmgtfy help
07:12:53 -!- allansw [allansw@172.17.1.5] has joined #irchacks
07:13:00 <allansw> !op allansw 
07:13:00 -!- mode/#irchacks [+o allansw] by RJ45
07:13:05 <allansw> !help
07:13:10 <allansw> !pid
07:15:23 <allansw> !bug
07:15:37 <allansw> !help bug
07:18:52 <allansw> !about
07:20:10 <allansw> !about
